

this is MiKTeX Setup Service 5.5 (MiKTeX 24.1)
starting installer...
Loading package database...
starting package maintenance...
installation directory: "C:\Program Files\MiKTeX"
package repository: C:\Users\schaf\AppData\Local\Temp\mik17132
visiting repository C:\Users\schaf\AppData\Local\Temp\mik17132...
repository type: local package repository
loading package repository manifest...
package repository digest: e1335260c78870c42103bbd56846f41a
going to install 18447 file(s) (198 package(s))
extracting files from amsfonts.tar.lzma...
extracting files from amsmath.tar.lzma...
extracting files from arabi.tar.lzma...
extracting files from atbegshi.tar.lzma...
extracting files from atveryend.tar.lzma...
extracting files from avantgar.cab...
extracting files from babel.tar.lzma...
extracting files from babel-english.tar.lzma...
extracting files from biber-windows-x64.tar.lzma...
extracting files from biblatex.tar.lzma...
extracting files from bibtex.tar.lzma...
extracting files from blindtext.tar.lzma...
extracting files from bookman.cab...
extracting files from cbcoptic.tar.lzma...
extracting files from cm.tar.lzma...
extracting files from courier.tar.lzma...
extracting files from csfonts.tar.lzma...
extracting files from csplain.tar.lzma...
extracting files from dehyph.tar.lzma...
extracting files from dvipdfmx.tar.lzma...
extracting files from dvips.tar.lzma...
extracting files from ec.tar.lzma...
extracting files from elhyphen.tar.lzma...
extracting files from enctex.tar.lzma...
extracting files from environ.tar.lzma...
extracting files from epstopdf-pkg.tar.lzma...
extracting files from etoolbox.tar.lzma...
extracting files from everyshi.tar.lzma...
extracting files from fontconfig.tar.lzma...
extracting files from fontspec.tar.lzma...
extracting files from ghostscript.tar.lzma...
extracting files from glyphlist.tar.lzma...
extracting files from graphics.tar.lzma...
extracting files from graphics-cfg.tar.lzma...
extracting files from graphics-def.tar.lzma...
extracting files from helvetic.cab...
extracting files from hyperref.tar.lzma...
extracting files from hyph-utf8.tar.lzma...
extracting files from iftex.tar.lzma...
extracting files from knuth-lib.tar.lzma...
extracting files from l3backend.tar.lzma...
extracting files from l3kernel.tar.lzma...
extracting files from l3packages.tar.lzma...
extracting files from latex-firstaid.tar.lzma...
extracting files from latex-fonts.tar.lzma...
extracting files from latex-tools.tar.lzma...
extracting files from listings.tar.lzma...
extracting files from lm.tar.lzma...
extracting files from ltxbase.tar.lzma...
extracting files from lualibs.tar.lzma...
extracting files from luaotfload.tar.lzma...
extracting files from luatex85.tar.lzma...
extracting files from make4ht.tar.lzma...
extracting files from metafont.tar.lzma...
extracting files from metapost.tar.lzma...
extracting files from miktex-arctrl-bin-x64-2.9.tar.lzma...
extracting files from miktex-asymptote-bin-x64-2.9.tar.lzma...
extracting files from miktex-autosp-bin-x64-2.9.tar.lzma...
extracting files from miktex-axohelp-bin-x64-2.9.tar.lzma...
extracting files from miktex-bibarts-bin-x64-2.9.tar.lzma...
extracting files from miktex-bibtex-bin-x64-2.9.tar.lzma...
extracting files from miktex-bibtex8bit-bin-x64-2.9.tar.lzma...
extracting files from miktex-bzip2-bin-x64-2.9.tar.lzma...
extracting files from miktex-cairo-bin-x64-2.9.tar.lzma...
extracting files from miktex-chktex-bin-x64-2.9.tar.lzma...
extracting files from miktex-cjkutils-bin-x64-2.9.tar.lzma...
extracting files from miktex-config-2.9.tar.lzma...
extracting files from miktex-console-bin-x64-2.9.tar.lzma...
extracting files from miktex-curl-bin-x64-2.9.tar.lzma...
extracting files from miktex-cweb-bin-x64-2.9.tar.lzma...
extracting files from miktex-devnag-bin-x64-2.9.tar.lzma...
extracting files from miktex-dict-british.tar.lzma...
extracting files from miktex-dict-english.tar.lzma...
extracting files from miktex-dict-french.tar.lzma...
extracting files from miktex-dict-german.tar.lzma...
extracting files from miktex-doc.tar.lzma...
extracting files from miktex-dvicopy-bin-x64-2.9.tar.lzma...
extracting files from miktex-dvipdfmx.tar.lzma...
extracting files from miktex-dvipdfmx-bin-x64-2.9.tar.lzma...
extracting files from miktex-dvipng-bin-x64-2.9.tar.lzma...
extracting files from miktex-dvips.tar.lzma...
extracting files from miktex-dvips-bin-x64-2.9.tar.lzma...
extracting files from miktex-dvisvgm-bin-x64-2.9.tar.lzma...
extracting files from miktex-epstopdf-bin-x64-2.9.tar.lzma...
extracting files from miktex-expat-bin-x64-2.9.tar.lzma...
extracting files from miktex-findtexmf-bin-x64-2.9.tar.lzma...
extracting files from miktex-fmt-bin-x64-2.9.tar.lzma...
extracting files from miktex-fontconfig.tar.lzma...
extracting files from miktex-fontconfig-bin-x64-2.9.tar.lzma...
extracting files from miktex-fonts-bin-x64-2.9.tar.lzma...
extracting files from miktex-freeglut-bin-x64-2.9.tar.lzma...
extracting files from miktex-freetype2-bin-x64-2.9.tar.lzma...
extracting files from miktex-fribidixetex-bin-x64-2.9.tar.lzma...
extracting files from miktex-gd-bin-x64-2.9.tar.lzma...
extracting files from miktex-ghostscript-bin-x64.tar.lzma...
extracting files from miktex-graphite2-bin-x64-2.9.tar.lzma...
extracting files from miktex-gregorio-bin-x64-2.9.tar.lzma...
extracting files from miktex-gsf2pk-bin-x64-2.9.tar.lzma...
extracting files from miktex-harfbuzz-bin-x64-2.9.tar.lzma...
extracting files from miktex-hitex-bin-x64.tar.lzma...
extracting files from miktex-hunspell-bin-x64-2.9.tar.lzma...
extracting files from miktex-icu-bin-x64.tar.lzma...
extracting files from miktex-jpeg-bin-x64-2.9.tar.lzma...
extracting files from miktex-kpathsea-bin-x64-2.9.tar.lzma...
extracting files from miktex-lacheck-bin-x64-2.9.tar.lzma...
extracting files from miktex-latex.tar.lzma...
extracting files from miktex-lcdf-typetools-bin-x64-2.9.tar.lzma...
extracting files from miktex-libressl-bin-x64-2.9.tar.lzma...
extracting files from miktex-log4cxx-bin-x64-2.9.tar.lzma...
extracting files from miktex-lua53-bin-x64-2.9.tar.lzma...
extracting files from miktex-luatex.tar.lzma...
extracting files from miktex-luatex-bin-x64-2.9.tar.lzma...
extracting files from miktex-lzma-bin-x64-2.9.tar.lzma...
extracting files from miktex-m-tx-bin-x64-2.9.tar.lzma...
extracting files from miktex-makeindex-bin-x64-2.9.tar.lzma...
extracting files from miktex-md5-bin-x64-2.9.tar.lzma...
extracting files from miktex-metafont.tar.lzma...
extracting files from miktex-metafont-bin-x64-2.9.tar.lzma...
extracting files from miktex-metapost-bin-x64-2.9.tar.lzma...
extracting files from miktex-mfware-bin-x64-2.9.tar.lzma...
extracting files from miktex-misc.tar.lzma...
extracting files from miktex-mktex-bin-x64-2.9.tar.lzma...
extracting files from miktex-mo-bin-x64-2.9.tar.lzma...
extracting files from miktex-mpfr-bin-x64-2.9.tar.lzma...
extracting files from miktex-mpmcli-bin-x64-2.9.tar.lzma...
extracting files from miktex-mspack-bin-x64-2.9.tar.lzma...
extracting files from miktex-mthelp-bin-x64-2.9.tar.lzma...
extracting files from miktex-mtprint-bin-x64-2.9.tar.lzma...
extracting files from miktex-omegaware-bin-x64-2.9.tar.lzma...
extracting files from miktex-patgen-bin-x64.tar.lzma...
extracting files from miktex-pdftex.tar.lzma...
extracting files from miktex-pdftex-bin-x64-2.9.tar.lzma...
extracting files from miktex-pixman-bin-x64-2.9.tar.lzma...
extracting files from miktex-pmx-bin-x64-2.9.tar.lzma...
extracting files from miktex-png-bin-x64-2.9.tar.lzma...
extracting files from miktex-poppler-bin-x64-2.9.tar.lzma...
extracting files from miktex-popt-bin-x64-2.9.tar.lzma...
extracting files from miktex-posix-bin-x64-2.9.tar.lzma...
extracting files from miktex-ps2pk-bin-x64-2.9.tar.lzma...
extracting files from miktex-psutils-bin-x64-2.9.tar.lzma...
extracting files from miktex-ptex-bin-x64.tar.lzma...
extracting files from miktex-qt6-bin-x64.tar.lzma...
extracting files from miktex-runtime-bin-x64-2.9.tar.lzma...
extracting files from miktex-synctex-bin-x64-2.9.tar.lzma...
extracting files from miktex-tdsutil-bin-x64.tar.lzma...
extracting files from miktex-teckit-bin-x64-2.9.tar.lzma...
extracting files from miktex-tex.tar.lzma...
extracting files from miktex-tex-bin-x64-2.9.tar.lzma...
extracting files from miktex-tex2xindy-bin-x64-2.9.tar.lzma...
extracting files from miktex-tex4ht.tar.lzma...
extracting files from miktex-tex4ht-bin-x64-2.9.tar.lzma...
extracting files from miktex-texify-bin-x64-2.9.tar.lzma...
extracting files from miktex-texware-bin-x64-2.9.tar.lzma...
extracting files from miktex-texworks-bin-x64-2.9.tar.lzma...
extracting files from miktex-ttf2pk2-bin-x64-2.9.tar.lzma...
extracting files from miktex-ucrt-bin-x64.tar.lzma...
extracting files from miktex-upmendex-bin-x64.tar.lzma...
extracting files from miktex-uriparser-bin-x64-2.9.tar.lzma...
extracting files from miktex-vc140-bin-x64.tar.lzma...
extracting files from miktex-web-bin-x64-2.9.tar.lzma...
extracting files from miktex-xetex.tar.lzma...
extracting files from miktex-xetex-bin-x64-2.9.tar.lzma...
extracting files from miktex-xindy-bin-x64.tar.lzma...
extracting files from miktex-xml2pmx-bin-x64.tar.lzma...
extracting files from miktex-yap-bin-x64-2.9.tar.lzma...
extracting files from miktex-zip-bin-x64.tar.lzma...
extracting files from miktex-zlib-bin-x64-2.9.tar.lzma...
extracting files from miktex-zzip-bin-x64-2.9.tar.lzma...
extracting files from modes.tar.lzma...
extracting files from mptopdf.tar.lzma...
extracting files from ms.tar.lzma...
extracting files from ncntrsbk.cab...
extracting files from oberdiek.tar.lzma...
extracting files from palatino.cab...
extracting files from pdftex.tar.lzma...
extracting files from pdftexcmds.tar.lzma...
extracting files from pgf.tar.lzma...
extracting files from pgfplots.tar.lzma...
extracting files from plain.tar.lzma...
extracting files from ragged2e.tar.lzma...
extracting files from rsfs.tar.lzma...
extracting files from ruhyphen.tar.lzma...
extracting files from standalone.tar.lzma...
extracting files from symbol.cab...
extracting files from tcolorbox.tar.lzma...
extracting files from tetex.tar.lzma...
extracting files from tex-ini-files.tar.lzma...
extracting files from tex4ht.tar.lzma...
extracting files from times.cab...
extracting files from trimspaces.tar.lzma...
extracting files from ukrhyph.tar.lzma...
extracting files from unicode-data.tar.lzma...
extracting files from url.tar.lzma...
extracting files from xcolor.tar.lzma...
extracting files from xetex.tar.lzma...
extracting files from xkeyval.tar.lzma...
extracting files from zapfchan.cab...
extracting files from zapfding.cab...
updating package manifests ("C:\Program Files\MiKTeX\miktex/config\package-manifests.ini")...
installed 6954 package manifests
visiting repository C:\Users\schaf\AppData\Local\Temp\mik17132...
repository type: local package repository
loading package repository manifest...
initexmf --principal=setup "--common-install=C:\Program Files\MiKTeX" --set-config-value=[Core]SharedSetup=1 --admin --disable-installer --verbose:
Registering root directories...
Setting config value: [Core]SharedSetup=1
miktex --admin --disable-installer --verbose fndb remove:
Removing C:\ProgramData\MiKTeX\miktex\data\le\a3dd15d80e93c3582d0b235e281310ae.fndb-5...

Sorry, but: Windows API error 3: The system cannot find the path specified.

Warning: Windows API error 3: The system cannot find the path specified.
Warning: Windows API error 3: The system cannot find the path specified.
mpm --register-components --admin --verbose:
Operating on the shared (system-wide) MiKTeX setup
miktex --admin --disable-installer --verbose fndb refresh:
Creating FNDB for common root directory (C:\ProgramData\MiKTeX)...
Creating FNDB for common root directory ("C:\Program Files\MiKTeX")...
Refreshing FNDB for MPM...
miktex --admin --disable-installer --verbose links install --force:
Installing links in target directory "C:\Program Files\MiKTeX\miktex\bin\x64"...
miktex --admin --disable-installer --verbose fontmaps configure:
Parsing configuration file "C:\Program Files\MiKTeX\miktex/config\updmap.cfg"...
Writing C:\ProgramData\MiKTeX\fonts\map\dvipdfmx\kanjix.map...
Writing C:\ProgramData\MiKTeX\fonts\map\dvips\builtin35.map...
Writing C:\ProgramData\MiKTeX\fonts\map\dvips\download35.map...
Writing C:\ProgramData\MiKTeX\fonts\map\dvips\ps2pk.map...
Writing C:\ProgramData\MiKTeX\fonts\map\dvips\psfonts_pk.map...
Writing C:\ProgramData\MiKTeX\fonts\map\dvips\psfonts_t1.map...
Writing C:\ProgramData\MiKTeX\fonts\map\pdftex\pdftex_dl14.map...
Writing C:\ProgramData\MiKTeX\fonts\map\pdftex\pdftex_ndl14.map...
Copying C:\ProgramData\MiKTeX\fonts\map\dvips\psfonts_t1.map
     to C:\ProgramData\MiKTeX\fonts\map\dvips\psfonts.map...
Copying C:\ProgramData\MiKTeX\fonts\map\pdftex\pdftex_dl14.map
     to C:\ProgramData\MiKTeX\fonts\map\pdftex\pdftex.map...
miktex --admin --disable-installer --verbose languages configure:
Creating language.dat, language.dat.lua and language.def...
initexmf --default-paper-size=Letter --admin --disable-installer --verbose:
initexmf --set-config-value=[MPM]AutoInstall=2 --admin --disable-installer --verbose:
Setting config value: [MPM]AutoInstall=2
miktex --admin --disable-installer --verbose fndb refresh:
Creating FNDB for common root directory (C:\ProgramData\MiKTeX)...
Creating FNDB for common root directory ("C:\Program Files\MiKTeX")...
Refreshing FNDB for MPM...
miktex --admin --disable-installer --verbose filetypes register:
initexmf --modify-path --admin --disable-installer --verbose:
initexmf --report --admin --disable-installer --verbose:
ReportDate: 2024-04-28 20:04:33
CurrentVersion: 24.1
SetupDate: not yet
SetupVersion: 24.1
Configuration: Regular
GitInfo: 7b52272 / 2024-01-27 12:26:15
OS: Windows 10.0.22631
SharedSetup: yes
LinkTargetDirectory: C:\Program Files\MiKTeX\miktex\bin\x64
PathOkay: no
LastUpdateCheckAdmin: not yet
LastUpdateAdmin: not yet
LastUpdateDbAdmin: not yet
SystemAdmin: yes
RootPrivileges: yes
AdminMode: yes
Root0: C:\ProgramData\MiKTeX
Root1: C:\Program Files\MiKTeX
CommonInstall: C:\Program Files\MiKTeX
CommonConfig: C:\ProgramData\MiKTeX
CommonData: C:\ProgramData\MiKTeX

The following issues were detected:
  1: major issue: So far, no MiKTeX administrator has checked for updates.
creating shell link "C:\ProgramData\Microsoft\Windows\Start Menu\Programs\MiKTeX\MiKTeX Console.lnk"...
creating shell link "C:\ProgramData\Microsoft\Windows\Start Menu\Programs\MiKTeX\TeXworks.lnk"...
